#
# A fatal error has been detected by the Java Runtime Environment:
#
#  EXCEPTION_ACCESS_VIOLATION (0xc0000005) at pc=0x0000000052ad4439, pid=4432, tid=8400
#
# JRE version: Java(TM) SE Runtime Environment (7.0_80-b15) (build 1.7.0_80-b15)
# Java VM: Java HotSpot(TM) 64-Bit Server VM (24.80-b11 mixed mode windows-amd64 compressed oops)
# Problematic frame:
# V  [jvm.dll+0x54439]
#
# Failed to write core dump. Minidumps are not enabled by default on client versions of Windows
#
# If you would like to submit a bug report, please visit:
#   http://bugreport.java.com/bugreport/crash.jsp
#

---------------  T H R E A D  ---------------

Current thread (0x000000000c563000):  JavaThread "JDWP Transport Listener: dt_socket" daemon [_thread_in_vm, id=8400, stack(0x000000000d8d0000,0x000000000d9d0000)]

siginfo: ExceptionCode=0xc0000005, reading address 0x000000000000000c

Registers:
RAX=0x000000000000000c, RBX=0x000000000c563000, RCX=0x0000000000000003, RDX=0x0000000000000000
RSP=0x000000000d9cf750, RBP=0x000000000000000c, RSI=0x0000000000000000, RDI=0x0000000000000010
R8 =0x00000007d6eb38e0, R9 =0x0000000000000000, R10=0x0000000000000000, R11=0x0000000000000001
R12=0x0000000000000000, R13=0x0000000002561518, R14=0x0000000000000000, R15=0x0000000000000000
RIP=0x0000000052ad4439, EFLAGS=0x0000000000010246

Top of Stack: (sp=0x000000000d9cf750)
0x000000000d9cf750:   000000000c563000 0000000000000000
0x000000000d9cf760:   0000000000000000 000000000c563000
0x000000000d9cf770:   0000000000000000 0000000052b9dad7
0x000000000d9cf780:   00000007d6eb38e0 000000000d9cf8a0
0x000000000d9cf790:   000000000e1f7d58 000000000d9cf870
0x000000000d9cf7a0:   000000000c563000 0000000000000000
0x000000000d9cf7b0:   000000000e1f7d58 000000000d9cf8a0
0x000000000d9cf7c0:   0000000000000000 0000000002561518
0x000000000d9cf7d0:   0000000000000000 000000006a467d15
0x000000000d9cf7e0:   000000000d9cf870 000000000d9cf8a0
0x000000000d9cf7f0:   000000000e1f7d58 000000000c5631e8
0x000000000d9cf800:   0000000010171e0a 000000006a46f090
0x000000000d9cf810:   0000000002010a01 000000000d9cf910
0x000000000d9cf820:   0000000002561101 0000000000000000
0x000000000d9cf830:   0000577400000013 0000000002010a00
0x000000000d9cf840:   00000000101732e0 0000000052c0ec1a 

Instructions: (pc=0x0000000052ad4439)
0x0000000052ad4419:   d2 48 8b c5 eb 18 48 8b d0 48 8b c5 48 d3 e2 48
0x0000000052ad4429:   03 15 81 64 6a 00 eb 06 48 8b 12 48 8b c7 48 98
0x0000000052ad4439:   8b 14 10 85 d2 74 2a 45 84 db 4c 63 c6 48 0f 45
0x0000000052ad4449:   fd 8d 47 0b 48 63 c8 48 83 e1 f8 48 c1 e9 03 8d 


Register to memory mapping:

RAX=0x000000000000000c is an unknown value
RBX=0x000000000c563000 is a thread
RCX=0x0000000000000003 is an unknown value
RDX=0x0000000000000000 is an unknown value
RSP=0x000000000d9cf750 is pointing into the stack for thread: 0x000000000c563000
RBP=0x000000000000000c is an unknown value
RSI=0x0000000000000000 is an unknown value
RDI=0x0000000000000010 is an unknown value
R8 =0x00000007d6eb38e0 is an oop
java.lang.String 
 - klass: 'java/lang/String'
R9 =0x0000000000000000 is an unknown value
R10=0x0000000000000000 is an unknown value
R11=0x0000000000000001 is an unknown value
R12=0x0000000000000000 is an unknown value
R13=0x0000000002561518 is an unknown value
R14=0x0000000000000000 is an unknown value
R15=0x0000000000000000 is an unknown value


Stack: [0x000000000d8d0000,0x000000000d9d0000],  sp=0x000000000d9cf750,  free space=1021k
Native frames: (J=compiled Java code, j=interpreted, Vv=VM code, C=native code)
V  [jvm.dll+0x54439]


---------------  P R O C E S S  ---------------

Java Threads: ( => current thread )
  0x000000000e16f800 JavaThread "rebel-weak-reaper" daemon [_thread_blocked, id=10324, stack(0x00000000122e0000,0x00000000123e0000)]
  0x000000000e16a000 JavaThread "Service Thread" daemon [_thread_blocked, id=10544, stack(0x000000000f7f0000,0x000000000f8f0000)]
  0x0000000010309800 JavaThread "C2 CompilerThread1" daemon [_thread_blocked, id=10932, stack(0x000000000fa40000,0x000000000fb40000)]
  0x00000000102f8800 JavaThread "C2 CompilerThread0" daemon [_thread_blocked, id=4332, stack(0x000000000f1f0000,0x000000000f2f0000)]
  0x000000000e16b000 JavaThread "rebel-debugger-thread" daemon [_thread_blocked, id=10876, stack(0x000000000f900000,0x000000000fa00000)]
  0x000000000e168800 JavaThread "rebel-heartbeat-thread" daemon [_thread_blocked, id=10404, stack(0x000000000f6e0000,0x000000000f7e0000)]
  0x000000000e167000 JavaThread "rebel-redeploy-thread" daemon [_thread_blocked, id=10436, stack(0x000000000dad0000,0x000000000dbd0000)]
  0x000000000e169800 JavaThread "Thread-9" daemon [_thread_in_Java, id=10408, stack(0x000000000ed30000,0x000000000ee30000)]
  0x000000000e166800 JavaThread "rebel-messaging-executor-1" daemon [_thread_blocked, id=7520, stack(0x000000000e930000,0x000000000ea30000)]
  0x000000000e16e800 JavaThread "rebel-fsnotify-ShutdownOnTermination" daemon [_thread_blocked, id=9696, stack(0x000000000f5b0000,0x000000000f6b0000)]
  0x000000000e16e000 JavaThread "rebel-fsnotify-OutputReader" daemon [_thread_blocked, id=10096, stack(0x000000000f0d0000,0x000000000f1d0000)]
  0x000000000e16d000 JavaThread "rebel-fsnotify-OutputReader" daemon [_thread_blocked, id=10684, stack(0x000000000f4b0000,0x000000000f5b0000)]
  0x000000000c87f000 JavaThread "rebel-CacheKeepAlive" daemon [_thread_blocked, id=9980, stack(0x000000000eb80000,0x000000000ec80000)]
  0x000000000c86c800 JavaThread "rebel-logger" daemon [_thread_blocked, id=10604, stack(0x000000000ea40000,0x000000000eb40000)]
  0x000000000c577000 JavaThread "JDWP Command Reader" daemon [_thread_in_native, id=7356, stack(0x000000000e000000,0x000000000e100000)]
  0x000000000c571800 JavaThread "JDWP Event Helper Thread" daemon [_thread_blocked, id=10508, stack(0x000000000dd50000,0x000000000de50000)]
=>0x000000000c563000 JavaThread "JDWP Transport Listener: dt_socket" daemon [_thread_in_vm, id=8400, stack(0x000000000d8d0000,0x000000000d9d0000)]
  0x000000000c55b000 JavaThread "Attach Listener" daemon [_thread_blocked, id=10840, stack(0x000000000dc00000,0x000000000dd00000)]
  0x000000000c55a000 JavaThread "Signal Dispatcher" daemon [_thread_blocked, id=10752, stack(0x000000000d9d0000,0x000000000dad0000)]
  0x00000000025ca800 JavaThread "Finalizer" daemon [_thread_blocked, id=11172, stack(0x000000000d720000,0x000000000d820000)]
  0x000000000b5a1800 JavaThread "Reference Handler" daemon [_thread_blocked, id=10772, stack(0x000000000d590000,0x000000000d690000)]
  0x000000000253c000 JavaThread "main" [_thread_blocked, id=10484, stack(0x00000000029b0000,0x0000000002ab0000)]

Other Threads:
  0x000000000b59c800 VMThread [stack: 0x000000000d460000,0x000000000d560000] [id=6120]
  0x000000001032a800 WatcherThread [stack: 0x0000000011030000,0x0000000011130000] [id=3920]

VM state:not at safepoint (normal execution)

VM Mutex/Monitor currently owned by a thread: None

Heap
 PSYoungGen      total 70656K, used 15873K [0x00000007d6480000, 0x00000007dae80000, 0x0000000800000000)
  eden space 65536K, 16% used [0x00000007d6480000,0x00000007d6f00d18,0x00000007da480000)
  from space 5120K, 99% used [0x00000007da980000,0x00000007dae7f920,0x00000007dae80000)
  to   space 5120K, 0% used [0x00000007da480000,0x00000007da480000,0x00000007da980000)
 ParOldGen       total 84992K, used 5877K [0x0000000782e00000, 0x0000000788100000, 0x00000007d6480000)
  object space 84992K, 6% used [0x0000000782e00000,0x00000007833bd5e0,0x0000000788100000)
 PSPermGen       total 21504K, used 17361K [0x000000077dc00000, 0x000000077f100000, 0x0000000782e00000)
  object space 21504K, 80% used [0x000000077dc00000,0x000000077ecf4620,0x000000077f100000)

Card table byte_map: [0x0000000005ab0000,0x0000000005ed0000] byte_map_base: 0x0000000001ec2000

Polling page: 0x0000000000370000

Code Cache  [0x0000000002ab0000, 0x0000000002d20000, 0x0000000005ab0000)
 total_blobs=408 nmethods=112 adapters=256 free_code_cache=48374Kb largest_free_block=49508352

Compilation events (10 events):
Event: 2.913 Thread 0x00000000102f8800 nmethod 106 0x0000000002b72010 code [0x0000000002b72160, 0x0000000002b722d8]
Event: 2.913 Thread 0x00000000102f8800  109             java.math.BigInteger::primitiveLeftShift (79 bytes)
Event: 2.917 Thread 0x00000000102f8800 nmethod 109 0x0000000002b71a90 code [0x0000000002b71be0, 0x0000000002b71eb8]
Event: 2.917 Thread 0x00000000102f8800  110   !         sun.misc.URLClassPath$JarLoader::getResource (91 bytes)
Event: 2.919 Thread 0x00000000102f8800 nmethod 110 0x0000000002b71590 code [0x0000000002b71700, 0x0000000002b71868]
Event: 2.919 Thread 0x00000000102f8800  111 %           sun.misc.URLClassPath::findResource @ 3 (38 bytes)
Event: 2.924 Thread 0x00000000102f8800 nmethod 111% 0x0000000002b74790 code [0x0000000002b74920, 0x0000000002b74c90]
Event: 2.924 Thread 0x00000000102f8800  112             sun.misc.URLClassPath$JarLoader::findResource (18 bytes)
Event: 2.927 Thread 0x00000000102f8800 nmethod 112 0x0000000002b76650 code [0x0000000002b767c0, 0x0000000002b76988]
Event: 2.933 Thread 0x0000000010309800 nmethod 108 0x0000000002b751d0 code [0x0000000002b75340, 0x0000000002b75fb8]

GC Heap History (4 events):
Event: 0.975 GC heap before
{Heap before GC invocations=1 (full 0):
 PSYoungGen      total 37888K, used 32768K [0x00000007d6480000, 0x00000007d8e80000, 0x0000000800000000)
  eden space 32768K, 100% used [0x00000007d6480000,0x00000007d8480000,0x00000007d8480000)
  from space 5120K, 0% used [0x00000007d8980000,0x00000007d8980000,0x00000007d8e80000)
  to   space 5120K, 0% used [0x00000007d8480000,0x00000007d8480000,0x00000007d8980000)
 ParOldGen       total 84992K, used 0K [0x0000000782e00000, 0x0000000788100000, 0x00000007d6480000)
  object space 84992K, 0% used [0x0000000782e00000,0x0000000782e00000,0x0000000788100000)
 PSPermGen       total 21504K, used 10119K [0x000000077dc00000, 0x000000077f100000, 0x0000000782e00000)
  object space 21504K, 47% used [0x000000077dc00000,0x000000077e5e1e78,0x000000077f100000)
Event: 0.990 GC heap after
Heap after GC invocations=1 (full 0):
 PSYoungGen      total 37888K, used 5112K [0x00000007d6480000, 0x00000007dae80000, 0x0000000800000000)
  eden space 32768K, 0% used [0x00000007d6480000,0x00000007d6480000,0x00000007d8480000)
  from space 5120K, 99% used [0x00000007d8480000,0x00000007d897e160,0x00000007d8980000)
  to   space 5120K, 0% used [0x00000007da980000,0x00000007da980000,0x00000007dae80000)
 ParOldGen       total 84992K, used 1434K [0x0000000782e00000, 0x0000000788100000, 0x00000007d6480000)
  object space 84992K, 1% used [0x0000000782e00000,0x0000000782f66930,0x0000000788100000)
 PSPermGen       total 21504K, used 10119K [0x000000077dc00000, 0x000000077f100000, 0x0000000782e00000)
  object space 21504K, 47% used [0x000000077dc00000,0x000000077e5e1e78,0x000000077f100000)
}
Event: 2.618 GC heap before
{Heap before GC invocations=2 (full 0):
 PSYoungGen      total 37888K, used 37880K [0x00000007d6480000, 0x00000007dae80000, 0x0000000800000000)
  eden space 32768K, 100% used [0x00000007d6480000,0x00000007d8480000,0x00000007d8480000)
  from space 5120K, 99% used [0x00000007d8480000,0x00000007d897e160,0x00000007d8980000)
  to   space 5120K, 0% used [0x00000007da980000,0x00000007da980000,0x00000007dae80000)
 ParOldGen       total 84992K, used 1434K [0x0000000782e00000, 0x0000000788100000, 0x00000007d6480000)
  object space 84992K, 1% used [0x0000000782e00000,0x0000000782f66930,0x0000000788100000)
 PSPermGen       total 21504K, used 16061K [0x000000077dc00000, 0x000000077f100000, 0x0000000782e00000)
  object space 21504K, 74% used [0x000000077dc00000,0x000000077ebaf448,0x000000077f100000)
Event: 2.632 GC heap after
Heap after GC invocations=2 (full 0):
 PSYoungGen      total 70656K, used 5118K [0x00000007d6480000, 0x00000007dae80000, 0x0000000800000000)
  eden space 65536K, 0% used [0x00000007d6480000,0x00000007d6480000,0x00000007da480000)
  from space 5120K, 99% used [0x00000007da980000,0x00000007dae7f920,0x00000007dae80000)
  to   space 5120K, 0% used [0x00000007da480000,0x00000007da480000,0x00000007da980000)
 ParOldGen       total 84992K, used 5877K [0x0000000782e00000, 0x0000000788100000, 0x00000007d6480000)
  object space 84992K, 6% used [0x0000000782e00000,0x00000007833bd5e0,0x0000000788100000)
 PSPermGen       total 21504K, used 16061K [0x000000077dc00000, 0x000000077f100000, 0x0000000782e00000)
  object space 21504K, 74% used [0x000000077dc00000,0x000000077ebaf448,0x000000077f100000)
}

Deoptimization events (1 events):
Event: 2.588 Thread 0x000000000e168000 Uncommon trap: reason=unstable_if action=reinterpret pc=0x0000000002b2bc54 method=java.net.URI$Parser.scan(IILjava/lang/String;Ljava/lang/String;)I @ 23

Internal exceptions (10 events):
Event: 2.812 Thread 0x000000000253c000 Threw 0x00000007d6ceed18 at C:\re\jdk7u80\2329\hotspot\src\share\vm\prims\jvm.cpp:1319
Event: 2.813 Thread 0x000000000253c000 Threw 0x00000007d6cf6860 at C:\re\jdk7u80\2329\hotspot\src\share\vm\prims\jvm.cpp:1319
Event: 2.826 Thread 0x000000000253c000 Threw 0x00000007d6d269c8 at C:\re\jdk7u80\2329\hotspot\src\share\vm\prims\jvm.cpp:1319
Event: 2.831 Thread 0x000000000253c000 Threw 0x00000007d6d413f8 at C:\re\jdk7u80\2329\hotspot\src\share\vm\prims\jvm.cpp:1319
Event: 2.831 Thread 0x000000000253c000 Threw 0x00000007d6d480d8 at C:\re\jdk7u80\2329\hotspot\src\share\vm\prims\jvm.cpp:1319
Event: 2.856 Thread 0x000000000253c000 Threw 0x00000007d6dbe3f0 at C:\re\jdk7u80\2329\hotspot\src\share\vm\prims\jvm.cpp:1319
Event: 2.860 Thread 0x000000000253c000 Threw 0x00000007d6dd0510 at C:\re\jdk7u80\2329\hotspot\src\share\vm\prims\jvm.cpp:1319
Event: 2.874 Thread 0x000000000253c000 Threw 0x00000007d6e90fe0 at C:\re\jdk7u80\2329\hotspot\src\share\vm\prims\jvm.cpp:1319
Event: 2.875 Thread 0x000000000253c000 Threw 0x00000007d6e9cb70 at C:\re\jdk7u80\2329\hotspot\src\share\vm\prims\jvm.cpp:1319
Event: 2.877 Thread 0x000000000253c000 Threw 0x00000007d6ea4708 at C:\re\jdk7u80\2329\hotspot\src\share\vm\prims\jvm.cpp:1319

Events (10 events):
Event: 2.878 loading class 0x000000000e2d6710
Event: 2.879 loading class 0x000000000e2d6710 done
Event: 2.879 loading class 0x000000000e2d67d0
Event: 2.879 loading class 0x000000000e2d67d0 done
Event: 2.882 Executing VM operation: ForceSafepoint
Event: 2.882 Executing VM operation: ForceSafepoint done
Event: 2.890 Executing VM operation: GetOrSetLocal
Event: 2.890 Executing VM operation: GetOrSetLocal done
Event: 2.949 Executing VM operation: GetOrSetLocal
Event: 2.949 Executing VM operation: GetOrSetLocal done


Dynamic libraries:
0x000000013f4a0000 - 0x000000013f4d3000 	C:\Program Files\Java\jdk1.7.0_80\bin\java.exe
0x00000000778b0000 - 0x0000000077a5a000 	C:\Windows\SYSTEM32\ntdll.dll
0x0000000077790000 - 0x00000000778af000 	C:\Windows\system32\kernel32.dll
0x000007fefd640000 - 0x000007fefd6aa000 	C:\Windows\system32\KERNELBASE.dll
0x000007feffa60000 - 0x000007feffb3b000 	C:\Windows\system32\ADVAPI32.dll
0x000007feff850000 - 0x000007feff8ef000 	C:\Windows\system32\msvcrt.dll
0x000007fefef80000 - 0x000007fefef9f000 	C:\Windows\SYSTEM32\sechost.dll
0x000007feff250000 - 0x000007feff37d000 	C:\Windows\system32\RPCRT4.dll
0x0000000077690000 - 0x000000007778a000 	C:\Windows\system32\USER32.dll
0x000007feff9f0000 - 0x000007feffa57000 	C:\Windows\system32\GDI32.dll
0x000007feff630000 - 0x000007feff63e000 	C:\Windows\system32\LPK.dll
0x000007fefdf80000 - 0x000007fefe04a000 	C:\Windows\system32\USP10.dll
0x000007fefbf10000 - 0x000007fefc104000 	C:\Windows\WinSxS\amd64_microsoft.windows.common-controls_6595b64144ccf1df_6.0.7601.18837_none_fa3b1e3d17594757\COMCTL32.dll
0x000007feff1d0000 - 0x000007feff241000 	C:\Windows\system32\SHLWAPI.dll
0x000007fefee50000 - 0x000007fefee7e000 	C:\Windows\system32\IMM32.DLL
0x000007fefdc90000 - 0x000007fefdd99000 	C:\Windows\system32\MSCTF.dll
0x000007fefd540000 - 0x000007fefd571000 	C:\Windows\system32\nvinitx.dll
0x000007fefd530000 - 0x000007fefd53c000 	C:\Windows\system32\VERSION.dll
0x0000000074db0000 - 0x0000000074db6000 	C:\Program Files\NVIDIA Corporation\CoProcManager\detoured.dll
0x000007fefaa50000 - 0x000007fefaa82000 	C:\Program Files\NVIDIA Corporation\CoProcManager\nvd3d9wrapx.dll
0x000007fefdda0000 - 0x000007fefdf77000 	C:\Windows\system32\SETUPAPI.dll
0x000007fefd860000 - 0x000007fefd896000 	C:\Windows\system32\CFGMGR32.dll
0x000007feff770000 - 0x000007feff84a000 	C:\Windows\system32\OLEAUT32.dll
0x000007feff420000 - 0x000007feff623000 	C:\Windows\system32\ole32.dll
0x000007fefd840000 - 0x000007fefd85a000 	C:\Windows\system32\DEVOBJ.dll
0x000007fefa830000 - 0x000007fefa852000 	C:\Program Files\NVIDIA Corporation\CoProcManager\nvdxgiwrapx.dll
0x000000006a180000 - 0x000000006a252000 	C:\Program Files\Java\jdk1.7.0_80\jre\bin\msvcr100.dll
0x0000000052a80000 - 0x0000000053259000 	C:\Program Files\Java\jdk1.7.0_80\jre\bin\server\jvm.dll
0x000007fef7ac0000 - 0x000007fef7ac9000 	C:\Windows\system32\WSOCK32.dll
0x000007fefe050000 - 0x000007fefe09d000 	C:\Windows\system32\WS2_32.dll
0x000007feff980000 - 0x000007feff988000 	C:\Windows\system32\NSI.dll
0x000007fefd950000 - 0x000007fefd98b000 	C:\Windows\system32\WINMM.dll
0x0000000077a80000 - 0x0000000077a87000 	C:\Windows\system32\PSAPI.DLL
0x000000006dee0000 - 0x000000006deef000 	C:\Program Files\Java\jdk1.7.0_80\jre\bin\verify.dll
0x000000006a590000 - 0x000000006a5b8000 	C:\Program Files\Java\jdk1.7.0_80\jre\bin\java.dll
0x000000006a460000 - 0x000000006a495000 	C:\Program Files\Java\jdk1.7.0_80\jre\bin\jdwp.dll
0x000000006dd80000 - 0x000000006dd88000 	C:\Program Files\Java\jdk1.7.0_80\jre\bin\npt.dll
0x000000006a520000 - 0x000000006a543000 	C:\Program Files\Java\jdk1.7.0_80\jre\bin\instrument.dll
0x000000006d8a0000 - 0x000000006d8b6000 	C:\Program Files\Java\jdk1.7.0_80\jre\bin\zip.dll
0x000000006ded0000 - 0x000000006ded9000 	C:\Program Files\Java\jdk1.7.0_80\jre\bin\dt_socket.dll
0x000007fefcd70000 - 0x000007fefcdc5000 	C:\Windows\system32\mswsock.dll
0x000007fefc710000 - 0x000007fefc717000 	C:\Windows\System32\wshtcpip.dll
0x000000006a570000 - 0x000000006a58a000 	C:\Program Files\Java\jdk1.7.0_80\jre\bin\net.dll
0x000007fefcd60000 - 0x000007fefcd67000 	C:\Windows\System32\wship6.dll
0x000000006a550000 - 0x000000006a561000 	C:\Program Files\Java\jdk1.7.0_80\jre\bin\nio.dll
0x000007fefb1f0000 - 0x000007fefb205000 	C:\Windows\system32\NLAapi.dll
0x000007fef3320000 - 0x000007fef3335000 	C:\Windows\system32\napinsp.dll
0x000007fef3300000 - 0x000007fef3319000 	C:\Windows\system32\pnrpnsp.dll
0x000007fefcbf0000 - 0x000007fefcc4b000 	C:\Windows\system32\DNSAPI.dll
0x000007fef32f0000 - 0x000007fef32fb000 	C:\Windows\System32\winrnr.dll
0x000007fef32e0000 - 0x000007fef32f0000 	C:\Windows\system32\wshbth.dll
0x000007fefa800000 - 0x000007fefa827000 	C:\Windows\system32\IPHLPAPI.DLL
0x000007fefa7f0000 - 0x000007fefa7fb000 	C:\Windows\system32\WINNSI.DLL
0x000007fef1e30000 - 0x000007fef1e38000 	C:\Windows\system32\rasadhlp.dll
0x000007fef9bf0000 - 0x000007fef9c43000 	C:\Windows\System32\fwpuclnt.dll
0x0000000069d00000 - 0x0000000069d24000 	C:\Program Files\Java\jdk1.7.0_80\jre\bin\sunec.dll
0x000007fef9b70000 - 0x000007fef9b81000 	C:\Windows\system32\dhcpcsvc6.DLL
0x000007fef9b50000 - 0x000007fef9b68000 	C:\Windows\system32\dhcpcsvc.DLL
0x000000006a700000 - 0x000000006a70b000 	C:\Program Files\Java\jdk1.7.0_80\jre\bin\sunmscapi.dll
0x000007fefd6d0000 - 0x000007fefd83d000 	C:\Windows\system32\CRYPT32.dll
0x000007fefd620000 - 0x000007fefd62f000 	C:\Windows\system32\MSASN1.dll
0x000007fefb0b0000 - 0x000007fefb0c0000 	C:\Users\Administrator\AppData\Local\Temp\jrebel-temp\ver-6c987c78\IdeaWin64.dll
0x000007fefd400000 - 0x000007fefd457000 	C:\Windows\system32\apphelp.dll
0x000000006a510000 - 0x000000006a51b000 	C:\Program Files\Java\jdk1.7.0_80\jre\bin\management.dll
0x000007fefcdd0000 - 0x000007fefcde8000 	C:\Windows\system32\CRYPTSP.dll
0x000007fefcad0000 - 0x000007fefcb17000 	C:\Windows\system32\rsaenh.dll
0x000007fefc850000 - 0x000007fefc86e000 	C:\Windows\system32\USERENV.dll
0x000007fefd580000 - 0x000007fefd58f000 	C:\Windows\system32\profapi.dll
0x000007fefd460000 - 0x000007fefd46f000 	C:\Windows\system32\CRYPTBASE.dll
0x000007fef40a0000 - 0x000007fef41c5000 	C:\Windows\system32\dbghelp.dll

VM Arguments:
jvm_args: -agentlib:jdwp=transport=dt_socket,address=127.0.0.1:59208,suspend=y,server=n -Drebel.base=C:\Users\Administrator\.jrebel -Drebel.env.ide.plugin.version=7.0.1 -Drebel.env.ide.version=15.0.2 -Drebel.env.ide.product=IU -Drebel.env.ide=intellij -Drebel.notification.url=http://localhost:17434 -javaagent:C:\Users\Administrator\.IntelliJIdea15\config\plugins\jr-ide-idea\lib\jrebel\jrebel.jar -Dfile.encoding=UTF-8 
java_command: com.wondersgroup.mydemo.javaSE.extend.BaoZi
Launcher Type: SUN_STANDARD

Environment Variables:
JAVA_HOME=C:\Program Files\Java\jdk1.7.0_80
CLASSPATH=.;C:\Program Files\Java\jdk1.7.0_80\lib;C:\Program Files\Java\jdk1.7.0_80\lib\tools.jar;D:\公司软件\apache-cxf-2.7.6\lib;
PATH=C:\Windows\system32;C:\Windows;C:\Windows\System32\Wbem;C:\Windows\System32\WindowsPowerShell\v1.0\;C:\Program Files\Intel\WiFi\bin\;C:\Program Files\Common Files\Intel\WirelessCommon\;C:\Program Files (x86)\NVIDIA Corporation\PhysX\Common;C:\Program Files\Java\jdk1.7.0_80\bin;C:\Program Files\Java\jdk1.7.0_80\jre\bin;D:\公司软件\mysql-5.7.12-winx64\bin;C:\Program Files (x86)\Microsoft SQL Server\100\Tools\Binn\;C:\Program Files\Microsoft SQL Server\100\Tools\Binn\;C:\Program Files\Microsoft SQL Server\100\DTS\Binn\;C:\Program Files (x86)\Microsoft SQL Server\100\Tools\Binn\VSShell\Common7\IDE\;C:\Program Files (x86)\Microsoft Visual Studio 9.0\Common7\IDE\PrivateAssemblies\;C:\Program Files (x86)\Microsoft SQL Server\100\DTS\Binn\;D:\公司软件\apache-maven-3.2.3\bin;D:\公司软件\apache-cxf-2.7.6\bin;D:\公司软件\Git\cmd;C:\Program Files (x86)\IDM Computer Solutions\UltraEdit;C:\Program Files\Intel\WiFi\bin\;C:\Program Files\Common Files\Intel\WirelessCommon\
USERNAME=Administrator
OS=Windows_NT
PROCESSOR_IDENTIFIER=Intel64 Family 6 Model 94 Stepping 3, GenuineIntel



---------------  S Y S T E M  ---------------

OS: Windows 7 , 64 bit Build 7601 Service Pack 1

CPU:total 8 (4 cores per cpu, 2 threads per core) family 6 model 94 stepping 3, cmov, cx8, fxsr, mmx, sse, sse2, sse3, ssse3, sse4.1, sse4.2, popcnt, avx, avx2, aes, erms, ht, tsc, tscinvbit

Memory: 4k page, physical 8199160k(1826596k free), swap 16396460k(8673816k free)

vm_info: Java HotSpot(TM) 64-Bit Server VM (24.80-b11) for windows-amd64 JRE (1.7.0_80-b15), built on Apr 10 2015 11:26:34 by "java_re" with unknown MS VC++:1600

time: Fri Mar 31 15:57:39 2017
elapsed time: 3 seconds

